CRITICAL - 2022-09-22 12:21:37 --> Class "App\Controllers\UserModel" not found
#0 C:\xampp\htdocs\Projetos\crud20\system\CodeIgniter.php(809): App\Controllers\User->__construct()
#1 C:\xampp\htdocs\Projetos\crud20\system\CodeIgniter.php(410): CodeIgniter\CodeIgniter->createController()
#2 C:\xampp\htdocs\Projetos\crud20\system\CodeIgniter.php(326): CodeIgniter\CodeIgniter->handleRequest(NULL, Object(Config\Cache), false)
#3 C:\xampp\htdocs\Projetos\crud20\public\index.php(37): CodeIgniter\CodeIgniter->run()
#4 C:\xampp\htdocs\Projetos\crud20\system\Commands\Server\rewrite.php(43): require_once('C:\\xampp\\htdocs...')
#5 {main}
CRITICAL - 2022-09-22 20:00:29 --> Class "App\Controllers\UserModel" not found
#0 C:\xampp\htdocs\Projetos\crud20\system\CodeIgniter.php(809): App\Controllers\User->__construct()
#1 C:\xampp\htdocs\Projetos\crud20\system\CodeIgniter.php(410): CodeIgniter\CodeIgniter->createController()
#2 C:\xampp\htdocs\Projetos\crud20\system\CodeIgniter.php(326): CodeIgniter\CodeIgniter->handleRequest(NULL, Object(Config\Cache), false)
#3 C:\xampp\htdocs\Projetos\crud20\public\index.php(37): CodeIgniter\CodeIgniter->run()
#4 C:\xampp\htdocs\Projetos\crud20\system\Commands\Server\rewrite.php(43): require_once('C:\\xampp\\htdocs...')
#5 {main}
CRITICAL - 2022-09-22 20:00:40 --> Class "App\Controllers\UserModel" not found
#0 C:\xampp\htdocs\Projetos\crud20\system\CodeIgniter.php(809): App\Controllers\User->__construct()
#1 C:\xampp\htdocs\Projetos\crud20\system\CodeIgniter.php(410): CodeIgniter\CodeIgniter->createController()
#2 C:\xampp\htdocs\Projetos\crud20\system\CodeIgniter.php(326): CodeIgniter\CodeIgniter->handleRequest(NULL, Object(Config\Cache), false)
#3 C:\xampp\htdocs\Projetos\crud20\public\index.php(37): CodeIgniter\CodeIgniter->run()
#4 C:\xampp\htdocs\Projetos\crud20\system\Commands\Server\rewrite.php(43): require_once('C:\\xampp\\htdocs...')
#5 {main}
CRITICAL - 2022-09-22 20:01:15 --> Allowed memory size of 536870912 bytes exhausted (tried to allocate 4096 bytes)
#0 [internal function]: CodeIgniter\Debug\Exceptions->shutdownHandler()
#1 {main}
CRITICAL - 2022-09-22 20:01:25 --> Class "App\Controllers\UserModel" not found
#0 C:\xampp\htdocs\Projetos\crud20\system\CodeIgniter.php(809): App\Controllers\User->__construct()
#1 C:\xampp\htdocs\Projetos\crud20\system\CodeIgniter.php(410): CodeIgniter\CodeIgniter->createController()
#2 C:\xampp\htdocs\Projetos\crud20\system\CodeIgniter.php(326): CodeIgniter\CodeIgniter->handleRequest(NULL, Object(Config\Cache), false)
#3 C:\xampp\htdocs\Projetos\crud20\public\index.php(37): CodeIgniter\CodeIgniter->run()
#4 C:\xampp\htdocs\Projetos\crud20\system\Commands\Server\rewrite.php(43): require_once('C:\\xampp\\htdocs...')
#5 {main}
CRITICAL - 2022-09-22 20:02:27 --> Call to undefined method CodeIgniter\CodeIgniter::createController()
#0 C:\xampp\htdocs\Projetos\crud20\system\CodeIgniter.php(326): CodeIgniter\CodeIgniter->handleRequest(NULL, Object(Config\Cache), false)
#1 C:\xampp\htdocs\Projetos\crud20\public\index.php(37): CodeIgniter\CodeIgniter->run()
#2 C:\xampp\htdocs\Projetos\crud20\system\Commands\Server\rewrite.php(43): require_once('C:\\xampp\\htdocs...')
#3 {main}
CRITICAL - 2022-09-22 20:03:14 --> Call to undefined method CodeIgniter\CodeIgniter::createController()
#0 C:\xampp\htdocs\Projetos\crud20\system\CodeIgniter.php(326): CodeIgniter\CodeIgniter->handleRequest(NULL, Object(Config\Cache), false)
#1 C:\xampp\htdocs\Projetos\crud20\public\index.php(37): CodeIgniter\CodeIgniter->run()
#2 C:\xampp\htdocs\Projetos\crud20\system\Commands\Server\rewrite.php(43): require_once('C:\\xampp\\htdocs...')
#3 {main}
CRITICAL - 2022-09-22 20:03:51 --> Class "App\Controllers\UserModel" not found
#0 C:\xampp\htdocs\Projetos\crud20\system\CodeIgniter.php(809): App\Controllers\User->__construct()
#1 C:\xampp\htdocs\Projetos\crud20\system\CodeIgniter.php(410): CodeIgniter\CodeIgniter->createController()
#2 C:\xampp\htdocs\Projetos\crud20\system\CodeIgniter.php(326): CodeIgniter\CodeIgniter->handleRequest(NULL, Object(Config\Cache), false)
#3 C:\xampp\htdocs\Projetos\crud20\public\index.php(37): CodeIgniter\CodeIgniter->run()
#4 C:\xampp\htdocs\Projetos\crud20\system\Commands\Server\rewrite.php(43): require_once('C:\\xampp\\htdocs...')
#5 {main}
